<?xml version="1.0" encoding="UTF-8"?>
<testsuite xmlns:xsi="http://www.w3.org/2001/XMLSchema-instance" xsi:noNamespaceSchemaLocation="https://maven.apache.org/surefire/maven-surefire-plugin/xsd/surefire-test-report.xsd" name="com.tecsup.petclinic.services.PetServiceTest" time="0.161" tests="2" errors="2" skipped="0" failures="0">
  <properties>
[...]
</properties>
  <testcase name="testDeletePet" classname="com.tecsup.petclinic.services.PetServiceTest" time="0.137">
    <error message="could not execute statement; SQL [n/a]; constraint [null]; nested exception is org.hibernate.exception.ConstraintViolationException: could not execute statement" type="org.springframework.dao.DataIntegrityViolationException">org.springframework.dao.DataIntegrityViolationException: could not execute statement; SQL [n/a]; constraint [null]; nested exception is org.hibernate.exception.ConstraintViolationException: could not execute statement
	at com.tecsup.petclinic.services.PetServiceTest.testDeletePet(PetServiceTest.java:51)
Caused by: org.hibernate.exception.ConstraintViolationException: could not execute statement
	at com.tecsup.petclinic.services.PetServiceTest.testDeletePet(PetServiceTest.java:51)
Caused by: java.sql.SQLIntegrityConstraintViolationException: Cannot add or update a child row: a foreign key constraint fails (`petclinic_db`.`pets`, CONSTRAINT `pets_ibfk_1` FOREIGN KEY (`owner_id`) REFERENCES `owners` (`id`))
	at com.tecsup.petclinic.services.PetServiceTest.testDeletePet(PetServiceTest.java:51)
</error>
    <system-out><![CDATA[2024-01-10 22:00:34.132  INFO 13592 --- [           main] .b.t.c.SpringBootTestContextBootstrapper : Neither @ContextConfiguration nor @ContextHierarchy found for test class [com.tecsup.petclinic.services.PetServiceTest], using SpringBootContextLoader
2024-01-10 22:00:34.133  INFO 13592 --- [           main] o.s.t.c.support.AbstractContextLoader    : Could not detect default resource locations for test class [com.tecsup.petclinic.services.PetServiceTest]: no resource found for suffixes {-context.xml, Context.groovy}.
2024-01-10 22:00:34.133  INFO 13592 --- [           main] t.c.s.AnnotationConfigContextLoaderUtils : Could not detect default configuration classes for test class [com.tecsup.petclinic.services.PetServiceTest]: PetServiceTest does not declare any static, non-private, non-final, nested classes annotated with @Configuration.
2024-01-10 22:00:34.140  INFO 13592 --- [           main] .b.t.c.SpringBootTestContextBootstrapper : Found @SpringBootConfiguration com.tecsup.petclinic.PetClinicApplication for test class com.tecsup.petclinic.services.PetServiceTest
2024-01-10 22:00:34.144  INFO 13592 --- [           main] .b.t.c.SpringBootTestContextBootstrapper : Loaded default TestExecutionListener class names from location [META-INF/spring.factories]: [org.springframework.boot.test.mock.mockito.MockitoTestExecutionListener, org.springframework.boot.test.mock.mockito.ResetMocksTestExecutionListener, org.springframework.boot.test.autoconfigure.restdocs.RestDocsTestExecutionListener, org.springframework.boot.test.autoconfigure.web.client.MockRestServiceServerResetTestExecutionListener, org.springframework.boot.test.autoconfigure.web.servlet.MockMvcPrintOnlyOnFailureTestExecutionListener, org.springframework.boot.test.autoconfigure.web.servlet.WebDriverTestExecutionListener, org.springframework.boot.test.autoconfigure.webservices.client.MockWebServiceServerTestExecutionListener, org.springframework.test.context.web.ServletTestExecutionListener, org.springframework.test.context.support.DirtiesContextBeforeModesTestExecutionListener, org.springframework.test.context.event.ApplicationEventsTestExecutionListener, org.springframework.test.context.support.DependencyInjectionTestExecutionListener, org.springframework.test.context.support.DirtiesContextTestExecutionListener, org.springframework.test.context.transaction.TransactionalTestExecutionListener, org.springframework.test.context.jdbc.SqlScriptsTestExecutionListener, org.springframework.test.context.event.EventPublishingTestExecutionListener]
2024-01-10 22:00:34.145  INFO 13592 --- [           main] .b.t.c.SpringBootTestContextBootstrapper : Using TestExecutionListeners: [org.springframework.test.context.web.ServletTestExecutionListener@7ca7bddd, org.springframework.test.context.support.DirtiesContextBeforeModesTestExecutionListener@206e5183, org.springframework.test.context.event.ApplicationEventsTestExecutionListener@325236f5, org.springframework.boot.test.mock.mockito.MockitoTestExecutionListener@32eb38e5, org.springframework.boot.test.autoconfigure.SpringBootDependencyInjectionTestExecutionListener@73633230, org.springframework.test.context.support.DirtiesContextTestExecutionListener@21539796, org.springframework.test.context.transaction.TransactionalTestExecutionListener@215f8d7, org.springframework.test.context.jdbc.SqlScriptsTestExecutionListener@69d2c460, org.springframework.test.context.event.EventPublishingTestExecutionListener@34a99d8, org.springframework.boot.test.mock.mockito.ResetMocksTestExecutionListener@3e984100, org.springframework.boot.test.autoconfigure.restdocs.RestDocsTestExecutionListener@13e6c544, org.springframework.boot.test.autoconfigure.web.client.MockRestServiceServerResetTestExecutionListener@6c68f29c, org.springframework.boot.test.autoconfigure.web.servlet.MockMvcPrintOnlyOnFailureTestExecutionListener@3b3b2290, org.springframework.boot.test.autoconfigure.web.servlet.WebDriverTestExecutionListener@47d7e4b6, org.springframework.boot.test.autoconfigure.webservices.client.MockWebServiceServerTestExecutionListener@623ed5ed]
Hibernate: insert into pets (birth_date, name, owner_id, type_id) values (?, ?, ?, ?)
2024-01-10 22:00:34.262  WARN 13592 --- [           main] o.h.engine.jdbc.spi.SqlExceptionHelper   : SQL Error: 1452, SQLState: 23000
2024-01-10 22:00:34.262 ERROR 13592 --- [           main] o.h.engine.jdbc.spi.SqlExceptionHelper   : Cannot add or update a child row: a foreign key constraint fails (`petclinic_db`.`pets`, CONSTRAINT `pets_ibfk_1` FOREIGN KEY (`owner_id`) REFERENCES `owners` (`id`))
]]></system-out>
  </testcase>
  <testcase name="testCreatePet" classname="com.tecsup.petclinic.services.PetServiceTest" time="0.021">
    <error message="could not execute statement; SQL [n/a]; constraint [null]; nested exception is org.hibernate.exception.ConstraintViolationException: could not execute statement" type="org.springframework.dao.DataIntegrityViolationException">org.springframework.dao.DataIntegrityViolationException: could not execute statement; SQL [n/a]; constraint [null]; nested exception is org.hibernate.exception.ConstraintViolationException: could not execute statement
	at com.tecsup.petclinic.services.PetServiceTest.testCreatePet(PetServiceTest.java:32)
Caused by: org.hibernate.exception.ConstraintViolationException: could not execute statement
	at com.tecsup.petclinic.services.PetServiceTest.testCreatePet(PetServiceTest.java:32)
Caused by: java.sql.SQLIntegrityConstraintViolationException: Cannot add or update a child row: a foreign key constraint fails (`petclinic_db`.`pets`, CONSTRAINT `pets_ibfk_1` FOREIGN KEY (`owner_id`) REFERENCES `owners` (`id`))
	at com.tecsup.petclinic.services.PetServiceTest.testCreatePet(PetServiceTest.java:32)
</error>
    <system-out><![CDATA[Hibernate: insert into pets (birth_date, name, owner_id, type_id) values (?, ?, ?, ?)
2024-01-10 22:00:34.304  WARN 13592 --- [           main] o.h.engine.jdbc.spi.SqlExceptionHelper   : SQL Error: 1452, SQLState: 23000
2024-01-10 22:00:34.306 ERROR 13592 --- [           main] o.h.engine.jdbc.spi.SqlExceptionHelper   : Cannot add or update a child row: a foreign key constraint fails (`petclinic_db`.`pets`, CONSTRAINT `pets_ibfk_1` FOREIGN KEY (`owner_id`) REFERENCES `owners` (`id`))
]]></system-out>
  </testcase>
</testsuite>